10:58:15 **** Incremental Build of configuration Debug for project 4Leds ****
make -j12 all 
arm-none-eabi-gcc -mcpu=cortex-m4 -g3 -DDEBUG -c -x assembler-with-cpp -MMD -MP -MF"Core/Source/main.d" -MT"Core/Source/main.o" --specs=nano.specs -mfpu=fpv4-sp-d16 -mfloat-abi=hard -mthumb -o "Core/Source/main.o" "../Core/Source/main.s"
arm-none-eabi-gcc -mcpu=cortex-m4 -g3 -DDEBUG -c -x assembler-with-cpp -MMD -MP -MF"Core/Include/main_h.d" -MT"Core/Include/main_h.o" --specs=nano.specs -mfpu=fpv4-sp-d16 -mfloat-abi=hard -mthumb -o "Core/Include/main_h.o" "../Core/Include/main_h.s"
/tmp/cccZ0sWO.s: Assembler messages:
/tmp/cccZ0sWO.s:485: Error: can't open main_h.s for reading: No such file or directory
/tmp/ccxqDGkN.s: Assembler messages:
/tmp/ccxqDGkN.s:486: Error: can't open stm32l476_constants_h.s for reading: No such file or directory
make: *** [Core/Source/subdir.mk:19: Core/Source/main.o] Error 1
make: *** Waiting for unfinished jobs....
make: *** [Core/Include/subdir.mk:19: Core/Include/main_h.o] Error 1
"make -j12 all" terminated with exit code 2. Build might be incomplete.

10:58:15 Build Failed. 5 errors, 0 warnings. (took 169ms)

